<?xml version="1.0" encoding="UTF-8"?>
<!-- Generated by org.testng.reporters.JUnitReportReporter -->
<testsuite hostname="Veerababu" failures="0" tests="1" name="Organization_Module.CreateOrgTest_updated" time="59.198" errors="0" timestamp="2025-07-21T17:31:23 IST" skipped="0">
  <testcase classname="Organization_Module.CreateOrgTest_updated" name="createNewOrgTest" time="59.198"/>
  <system-out/>
</testsuite> <!-- Organization_Module.CreateOrgTest_updated -->
