<?xml version="1.0" encoding="UTF-8"?>
<!-- Generated by org.testng.reporters.JUnitReportReporter -->
<testsuite hostname="Veerababu" failures="0" tests="1" name="Organization_Module.Create_Org_With_Phone_Num_updated" time="60.738" errors="0" timestamp="2025-07-21T17:37:31 IST" skipped="0">
  <testcase classname="Organization_Module.Create_Org_With_Phone_Num_updated" name="createOrgWithPhoneNum" time="60.738"/>
  <system-out/>
</testsuite> <!-- Organization_Module.Create_Org_With_Phone_Num_updated -->
