<?xml version="1.0" encoding="UTF-8"?>
<!-- Generated by org.testng.reporters.JUnitReportReporter -->
<testsuite hostname="Veerababu" failures="0" tests="3" name="Contact_Module.Contact_Scenarios" time="191.858" errors="0" timestamp="2025-07-31T15:27:27 IST" skipped="0">
  <testcase classname="Contact_Module.Contact_Scenarios" name="createNewOrgTest" time="85.234"/>
  <system-out>
    <![CDATA[createNewOrgTest Test Execution started
Create Contact with Org is pass-(cname)
Create Contact with Org is pass-(Orgname)
createNewOrgTest Test Execution Success]]>
  </system-out>
  <testcase classname="Contact_Module.Contact_Scenarios" name="CreateConWithSupportdate" time="53.922"/>
  <system-out>
    <![CDATA[CreateConWithSupportdate Test Execution started
Create contact test pass
Create contact with start date is pass
Create contact with End date is pass
CreateConWithSupportdate Test Execution Success]]>
  </system-out>
  <testcase classname="Contact_Module.Contact_Scenarios" name="CreateContactTest" time="52.702"/>
  <system-out>
    <![CDATA[CreateContactTest Test Execution started
Create contact test pass
CreateContactTest Test Execution Success]]>
  </system-out>
</testsuite> <!-- Contact_Module.Contact_Scenarios -->
