<?xml version="1.0" encoding="UTF-8"?>
<!-- Generated by org.testng.reporters.JUnitReportReporter -->
<testsuite hostname="Veerababu" failures="0" tests="1" name="Contact_Module.Create_Contact_With_Org" time="62.673" errors="0" timestamp="2025-07-13T12:01:58 IST" skipped="0">
  <testcase classname="Contact_Module.Create_Contact_With_Org" name="createNewOrgTest" time="62.673"/>
  <system-out/>
</testsuite> <!-- Contact_Module.Create_Contact_With_Org -->
