<?xml version="1.0" encoding="UTF-8"?>
<!-- Generated by org.testng.reporters.JUnitReportReporter -->
<testsuite hostname="Veerababu" failures="0" tests="1" name="Contact_Module.Create_Contact_With_SupportDate_updated" time="57.514" errors="0" timestamp="2025-07-21T17:37:31 IST" skipped="0">
  <testcase classname="Contact_Module.Create_Contact_With_SupportDate_updated" name="CreateConWithSupportdate" time="57.514"/>
  <system-out/>
</testsuite> <!-- Contact_Module.Create_Contact_With_SupportDate_updated -->
