<?xml version="1.0" encoding="UTF-8"?>
<!-- Generated by org.testng.reporters.JUnitReportReporter -->
<testsuite hostname="Veerababu" failures="0" tests="1" name="Organization_Module.Create_Org_With_Phone_Num" time="1.725" errors="0" timestamp="2025-07-10T16:26:13 IST" skipped="0">
  <testcase classname="Organization_Module.Create_Org_With_Phone_Num" name="createOrgWithPhoneNum" time="1.725"/>
  <system-out/>
</testsuite> <!-- Organization_Module.Create_Org_With_Phone_Num -->
