<?xml version="1.0" encoding="UTF-8"?>
<!-- Generated by org.testng.reporters.JUnitReportReporter -->
<testsuite hostname="Veerababu" failures="0" tests="1" name="Testing" time="94.659" errors="0" timestamp="2025-07-28T16:39:39 IST" skipped="0">
  <testcase classname="Testing" name="oneTest" time="94.659"/>
  <system-out/>
</testsuite> <!-- Testing -->
