<?xml version="1.0" encoding="UTF-8"?>
<!-- Generated by org.testng.reporters.JUnitReportReporter -->
<testsuite hostname="Veerababu" failures="0" tests="1" name="Contact_Module.Create_Contact_With_Org_updated" time="81.183" errors="0" timestamp="2025-07-21T17:37:31 IST" skipped="0">
  <testcase classname="Contact_Module.Create_Contact_With_Org_updated" name="createNewOrgTest" time="81.183"/>
  <system-out/>
</testsuite> <!-- Contact_Module.Create_Contact_With_Org_updated -->
