<?xml version="1.0" encoding="UTF-8"?>
<!-- Generated by org.testng.reporters.JUnitReportReporter -->
<testsuite hostname="Veerababu" failures="0" tests="1" name="Organization_Module.Create_Org_With_Industry_Type" time="141.572" errors="0" timestamp="2025-07-10T12:32:06 IST" skipped="0">
  <testcase classname="Organization_Module.Create_Org_With_Industry_Type" name="createOrgWithPhoneNum" time="141.572"/>
  <system-out/>
</testsuite> <!-- Organization_Module.Create_Org_With_Industry_Type -->
