<?xml version="1.0" encoding="UTF-8"?>
<!-- Generated by org.testng.reporters.JUnitReportReporter -->
<testsuite hostname="Veerababu" failures="0" tests="3" name="Organization_Module.Organization_Scenarios" time="165.427" errors="0" timestamp="2025-07-31T15:34:13 IST" skipped="0">
  <testcase classname="Organization_Module.Organization_Scenarios" name="createNewOrgTest" time="58.405"/>
  <system-out>
    <![CDATA[createNewOrgTest Test Execution started
create ORG pass
createNewOrgTest Test Execution Success]]>
  </system-out>
  <testcase classname="Organization_Module.Organization_Scenarios" name="createOrgWithIndustryType" time="53.915"/>
  <system-out>
    <![CDATA[createOrgWithIndustryType Test Execution started
Create Org with Type and Industry is pass-(Org name)
Create Org with Type and Industry is pass-(Industry DD)
Create Org with Type and Industry is pass-(Type DD)
createOrgWithIndustryType Test Execution Success]]>
  </system-out>
  <testcase classname="Organization_Module.Organization_Scenarios" name="createOrgWithPhoneNum" time="53.107"/>
  <system-out>
    <![CDATA[createOrgWithPhoneNum Test Execution started
Create ORG pass - ph number
Create Org with Phone number is pass
createOrgWithPhoneNum Test Execution Success]]>
  </system-out>
</testsuite> <!-- Organization_Module.Organization_Scenarios -->
