<?xml version="1.0" encoding="UTF-8"?>
<!-- Generated by org.testng.reporters.JUnitReportReporter -->
<testsuite hostname="Veerababu" failures="0" tests="1" name="Organization_Module.CreateOrgTest" time="80.070" errors="0" timestamp="2025-07-09T17:10:23 IST" skipped="0">
  <testcase classname="Organization_Module.CreateOrgTest" name="createNewOrgTest" time="80.070"/>
  <system-out/>
</testsuite> <!-- Organization_Module.CreateOrgTest -->
