<?xml version="1.0" encoding="UTF-8"?>
<!-- Generated by org.testng.reporters.JUnitReportReporter -->
<testsuite hostname="Veerababu" failures="0" tests="1" name="Contact_Module.Create_Contact_With_SupportDate" time="96.065" errors="0" timestamp="2025-07-11T17:19:14 IST" skipped="0">
  <testcase classname="Contact_Module.Create_Contact_With_SupportDate" name="CreateConWithSupportdate" time="96.065"/>
  <system-out/>
</testsuite> <!-- Contact_Module.Create_Contact_With_SupportDate -->
