<?xml version="1.0" encoding="UTF-8"?>
<!-- Generated by org.testng.reporters.JUnitReportReporter -->
<testsuite hostname="Veerababu" failures="0" tests="1" name="Organization_Module.CreateOrgTest2" time="45.552" errors="0" timestamp="2025-07-10T10:49:15 IST" skipped="0">
  <testcase classname="Organization_Module.CreateOrgTest2" name="createNewOrgTest" time="45.552"/>
  <system-out/>
</testsuite> <!-- Organization_Module.CreateOrgTest2 -->
